<?xml version="1.0" encoding="UTF-8"?>
<!-- Generated by org.testng.reporters.JUnitReportReporter -->
<testsuite hostname="GBWK-INA94101Y8" name="com.glx.Regression.VerifyTitle" tests="1" failures="0" timestamp="14 Oct 2016 13:45:16 GMT" time="102.159" errors="0">
  <testcase name="VerifyTitleTest" time="102.159" classname="com.glx.Regression.VerifyTitle"/>
</testsuite> <!-- com.glx.Regression.VerifyTitle -->
