<?xml version="1.0" encoding="UTF-8"?>
<!-- Generated by org.testng.reporters.JUnitReportReporter -->
<testsuite hostname="GBWK-INA94101Y8" name="com.glx.Ambuj.DemoTest" tests="1" failures="0" timestamp="12 Oct 2016 10:59:28 GMT" time="0.018" errors="0">
  <testcase name="jenkinstest" time="0.018" classname="com.glx.Ambuj.DemoTest"/>
</testsuite> <!-- com.glx.Ambuj.DemoTest -->
